# JRE version: Java(TM) SE Runtime Environment (11.0.6+8) (build 11.0.6+8-LTS)
# Java VM: Java HotSpot(TM) 64-Bit Server VM (11.0.6+8-LTS, mixed mode, tiered, compressed oops, g1 gc, windows-amd64)
Heap:
 garbage-first heap   total 310272K, used 54157K [0x0000000704400000, 0x0000000800000000)
  region size 1024K, 30 young (30720K), 15 survivors (15360K)
 Metaspace       used 63926K, capacity 65671K, committed 65840K, reserved 1105920K
  class space    used 7872K, capacity 8541K, committed 8576K, reserved 1048576K
GC Heap History (10 events):
Event: 2.337 GC heap before
{Heap before GC invocations=7 (full 0):
 garbage-first heap   total 258048K, used 142393K [0x0000000704400000, 0x0000000800000000)
  region size 1024K, 131 young (134144K), 8 survivors (8192K)
 Metaspace       used 38988K, capacity 40074K, committed 40240K, reserved 1085440K
  class space    used 4809K, capacity 5245K, committed 5248K, reserved 1048576K
}
Event: 2.342 GC heap after
{Heap after GC invocations=8 (full 0):
 garbage-first heap   total 258048K, used 20659K [0x0000000704400000, 0x0000000800000000)
  region size 1024K, 12 young (12288K), 12 survivors (12288K)
 Metaspace       used 38988K, capacity 40074K, committed 40240K, reserved 1085440K
  class space    used 4809K, capacity 5245K, committed 5248K, reserved 1048576K
}
Event: 2.994 GC heap before
{Heap before GC invocations=8 (full 0):
 garbage-first heap   total 258048K, used 165043K [0x0000000704400000, 0x0000000800000000)
  region size 1024K, 147 young (150528K), 12 survivors (12288K)
 Metaspace       used 48992K, capacity 50281K, committed 50352K, reserved 1093632K
  class space    used 5909K, capacity 6397K, committed 6400K, reserved 1048576K
}
Event: 3.001 GC heap after
{Heap after GC invocations=9 (full 0):
 garbage-first heap   total 258048K, used 26211K [0x0000000704400000, 0x0000000800000000)
  region size 1024K, 16 young (16384K), 16 survivors (16384K)
 Metaspace       used 48992K, capacity 50281K, committed 50352K, reserved 1093632K
  class space    used 5909K, capacity 6397K, committed 6400K, reserved 1048576K
}
Event: 4.155 GC heap before
{Heap before GC invocations=9 (full 0):
 garbage-first heap   total 258048K, used 164451K [0x0000000704400000, 0x0000000800000000)
  region size 1024K, 151 young (154624K), 16 survivors (16384K)
 Metaspace       used 56854K, capacity 58479K, committed 58800K, reserved 1099776K
  class space    used 6968K, capacity 7604K, committed 7680K, reserved 1048576K
}
Event: 4.163 GC heap after
{Heap after GC invocations=10 (full 0):
 garbage-first heap   total 310272K, used 30848K [0x0000000704400000, 0x0000000800000000)
  region size 1024K, 15 young (15360K), 15 survivors (15360K)
 Metaspace       used 56854K, capacity 58479K, committed 58800K, reserved 1099776K
  class space    used 6968K, capacity 7604K, committed 7680K, reserved 1048576K
}
Event: 4.579 GC heap before
{Heap before GC invocations=10 (full 0):
 garbage-first heap   total 310272K, used 78976K [0x0000000704400000, 0x0000000800000000)
  region size 1024K, 64 young (65536K), 15 survivors (15360K)
 Metaspace       used 58327K, capacity 59976K, committed 60208K, reserved 1101824K
  class space    used 7147K, capacity 7781K, committed 7808K, reserved 1048576K
}
Event: 4.586 GC heap after
{Heap after GC invocations=11 (full 0):
 garbage-first heap   total 310272K, used 33778K [0x0000000704400000, 0x0000000800000000)
  region size 1024K, 14 young (14336K), 14 survivors (14336K)
 Metaspace       used 58327K, capacity 59976K, committed 60208K, reserved 1101824K
  class space    used 7147K, capacity 7781K, committed 7808K, reserved 1048576K
}
Event: 2482.234 GC heap before
{Heap before GC invocations=12 (full 0):
 garbage-first heap   total 310272K, used 196594K [0x0000000704400000, 0x0000000800000000)
  region size 1024K, 174 young (178176K), 14 survivors (14336K)
 Metaspace       used 63924K, capacity 65671K, committed 65840K, reserved 1105920K
  class space    used 7872K, capacity 8541K, committed 8576K, reserved 1048576K
}
Event: 2482.422 GC heap after
{Heap after GC invocations=13 (full 0):
 garbage-first heap   total 310272K, used 39821K [0x0000000704400000, 0x0000000800000000)
  region size 1024K, 15 young (15360K), 15 survivors (15360K)
 Metaspace       used 63924K, capacity 65671K, committed 65840K, reserved 1105920K
  class space    used 7872K, capacity 8541K, committed 8576K, reserved 1048576K
}

